<?xml version="1.0" encoding="UTF-8"?>
<!-- Generated by org.testng.reporters.JUnitReportReporter -->
<testsuite hostname="RAYAN" failures="0" tests="2" name="Cherry_TestRunner.Cherry_TestRunner" time="9.492" errors="0" timestamp="2023-09-24T01:13:39 EDT" skipped="0">
  <testcase classname="Cherry_TestRunner.Cherry_TestRunner" name="feature" time="4.477"/>
  <testcase classname="Cherry_TestRunner.Cherry_TestRunner" name="feature" time="5.015"/>
</testsuite> <!-- Cherry_TestRunner.Cherry_TestRunner -->
